C51 COMPILER V9.00   EEPROM                                                                05/12/2016 16:55:53 PAGE 1   


C51 COMPILER V9.00, COMPILATION OF MODULE EEPROM
OBJECT MODULE PLACED IN .\bin\eeprom.obj
COMPILER INVOKED BY: d:\Keil\C51\BIN\C51.EXE usr\driver\eeprom.c BROWSE INCDIR(.\usr) DEBUG OBJECTEXTEND PRINT(.\listing
                    -\eeprom.lst) OBJECT(.\bin\eeprom.obj)

line level    source

   1          /*******************************************************************************
   2           *
   3           *   Copyright (c) 2016 www.bjfz.cc. All rights reserved.
   4           *
   5           * @file EEPROM.C
   6           *
   7           * EEPROM操作接口
   8           *
   9           * @author  
  10           *
  11           ******************************************************************************/
  12          #include "EEPROM.h"
  13          #include "NRF24L01.H"
  14          #include "MPU6050.H"
  15          #include <stc/STC15W4K60S4.H>
  16          #include <intrins.h>
  17          
  18          #define CMD_IDLE    0
  19          #define CMD_READ    1
  20          #define CMD_PROGRAM 2
  21          #define CMD_ERASE   3
  22          
  23          #define ENABLE_IAP 0x80           //if SYSCLK<30MHz
  24          extern int g_x, g_y, g_z;          //陀螺仪矫正参数
  25          extern char a_x, a_y;              //角度矫正参数
  26          extern double Angle, Angley;
  27          
  28          void IapIdle()
  29          {
  30   1              IAP_CONTR = 0;
  31   1              IAP_CMD   = 0;
  32   1              IAP_TRIG  = 0;
  33   1              IAP_ADDRH = 0x80;
  34   1              IAP_ADDRL = 0;
  35   1      }
  36          
  37          unsigned char IapReadByte(unsigned int addr) //读取1字节
  38          {
  39   1              unsigned char   dat;
  40   1      
  41   1              IAP_CONTR = ENABLE_IAP;
  42   1              IAP_CMD   = CMD_READ;
  43   1              IAP_ADDRL = addr;
  44   1              IAP_ADDRH = addr >> 8;
  45   1              IAP_TRIG  = 0x5a;
  46   1              IAP_TRIG  = 0xa5;
  47   1              _nop_();
  48   1              dat               = IAP_DATA;
  49   1              IapIdle();
  50   1      
  51   1              return dat;
  52   1      }
  53          
  54          // 写入1字节
C51 COMPILER V9.00   EEPROM                                                                05/12/2016 16:55:53 PAGE 2   

  55          void IapProgramByte(unsigned int addr, unsigned char dat)
  56          {
  57   1              IAP_CONTR = ENABLE_IAP;
  58   1              IAP_CMD   = CMD_PROGRAM;
  59   1              IAP_ADDRL = addr;
  60   1              IAP_ADDRH = addr >> 8;
  61   1              IAP_DATA  = dat;
  62   1              IAP_TRIG  = 0x5a;
  63   1              IAP_TRIG  = 0xa5;
  64   1              _nop_();
  65   1              IapIdle();
  66   1      }
  67          
  68          // 扇区擦除
  69          void IapEraseSector(unsigned int addr)
  70          {
  71   1              IAP_CONTR = ENABLE_IAP;
  72   1              IAP_CMD   = CMD_ERASE;
  73   1              IAP_ADDRL = addr;
  74   1              IAP_ADDRH = addr >> 8;
  75   1              IAP_TRIG  = 0x5a;
  76   1              IAP_TRIG  = 0xa5;
  77   1              _nop_();
  78   1              IapIdle();
  79   1      }
  80          
  81          // 陀螺仪校准
  82          void IAP_Gyro()
  83          {
  84   1              IapEraseSector(0xE200);         //扇区擦除
  85   1              g_y = GetData(GYRO_YOUT_H); //读取陀螺仪数据
  86   1              g_x = GetData(GYRO_XOUT_H);
  87   1              g_z = GetData(GYRO_ZOUT_H);
  88   1              IapProgramByte(0xE200, g_y >> 8);       //写入数据至EEPROM
  89   1              IapProgramByte(0xE201, g_y);
  90   1              IapProgramByte(0xE202, g_x >> 8);       //陀螺仪数据存放至114扇区
  91   1              IapProgramByte(0xE203, g_x);
  92   1              IapProgramByte(0xE204, g_z >> 8);
  93   1              IapProgramByte(0xE205, g_z);
  94   1              IapProgramByte(0xE206, 1);
  95   1      }
  96          
  97          void IAP_Angle()
  98          {
  99   1              IapEraseSector(0xE400);           //加速度计数据存放至115扇区
 100   1              a_x = (char)Angle;
 101   1              a_y = (char)Angley;
 102   1              IapProgramByte(0xE400, 1);
 103   1              IapProgramByte(0xE401, a_x);
 104   1              IapProgramByte(0xE402, a_y);
 105   1      }
 106          
 107          
 108          void IAPRead()
 109          {
 110   1              unsigned char i;
 111   1              i = IapReadByte(0xE206);
 112   1      
 113   1              if (i == 1) { //判断数据是否已经更新过，更新过才读取数据
 114   2                      g_y = IapReadByte(0xE200) << 8 | IapReadByte(0xE201);
 115   2                      g_x = IapReadByte(0xE202) << 8 | IapReadByte(0xE203);
 116   2                      g_z = IapReadByte(0xE204) << 8 | IapReadByte(0xE205);
C51 COMPILER V9.00   EEPROM                                                                05/12/2016 16:55:53 PAGE 3   

 117   2              }
 118   1      
 119   1              i = IapReadByte(0xE400);
 120   1      
 121   1              if (i == 1) { //判断数据是否已经更新过，更新过才读取数据
 122   2                      a_x = IapReadByte(0xE401);
 123   2                      a_y = IapReadByte(0xE402);
 124   2              }
 125   1      }
 126          


MODULE INFORMATION:   STATIC OVERLAYABLE
   CODE SIZE        =    318    ----
   CONSTANT SIZE    =   ----    ----
   XDATA SIZE       =   ----    ----
   PDATA SIZE       =   ----    ----
   DATA SIZE        =   ----    ----
   IDATA SIZE       =   ----    ----
   BIT SIZE         =   ----    ----
END OF MODULE INFORMATION.


C51 COMPILATION COMPLETE.  0 WARNING(S),  0 ERROR(S)
