C51 COMPILER V9.00   TIMER                                                                 05/12/2016 16:55:54 PAGE 1   


C51 COMPILER V9.00, COMPILATION OF MODULE TIMER
OBJECT MODULE PLACED IN .\bin\timer.obj
COMPILER INVOKED BY: d:\Keil\C51\BIN\C51.EXE usr\timer.c BROWSE INCDIR(.\usr) DEBUG OBJECTEXTEND PRINT(.\listing\timer.l
                    -st) OBJECT(.\bin\timer.obj)

line level    source

   1          /**************************************************************************
   2           *
   3           * Copyright (c) 2016 www.bjfz.cc. All rights reserved.
   4           *
   5           * @file timer.c
   6           *
   7           * 定时器初始化
   8           *
   9           * @author Zhanghb
  10           *
  11           *************************************************************************/
  12          #include "timer.h"
  13          #include <stc/STC15W4K60S4.H>
  14          
  15          /**
  16           * timer0_init()
  17           *
  18           * 8ms@28MHz 定时器0 16位12T自动重载
  19           */
  20          void timer0_init()
  21          {
  22   1              AUXR &= 0x7F;
  23   1              TMOD &= 0xF0;
  24   1              IE        = 0x82;
  25   1              TL0       = 0x15;
  26   1              TH0       = 0xB7;
  27   1              TF0       = 0;
  28   1              TR0       = 1;
  29   1      }
  30          
  31          
  32          /**
  33           * timer1_init()
  34           *
  35           * 8ms@28MHz
  36           */
  37          void timer1_init()
  38          {
  39   1              AUXR |= 0x40;
  40   1              TMOD &= 0x0F;
  41   1              IE        = 0x8a;
  42   1              TL1       = 0x54;
  43   1              TH1       = 0xF2;
  44   1              TF1       = 0;
  45   1              TR1       = 1;
  46   1      }
  47          
  48          /**
  49           * timer0_init()
  50           *
  51           * 8ms@28MHz 不用在意这个，装逼用的
  52           */
  53          void timer2_init()
  54          {
C51 COMPILER V9.00   TIMER                                                                 05/12/2016 16:55:54 PAGE 2   

  55   1              AUXR |= 0x04;
  56   1              T2L       = 0xEB;
  57   1              T2H       = 0xFF;
  58   1              AUXR |= 0x10;
  59   1      }


MODULE INFORMATION:   STATIC OVERLAYABLE
   CODE SIZE        =     53    ----
   CONSTANT SIZE    =   ----    ----
   XDATA SIZE       =   ----    ----
   PDATA SIZE       =   ----    ----
   DATA SIZE        =   ----    ----
   IDATA SIZE       =   ----    ----
   BIT SIZE         =   ----    ----
END OF MODULE INFORMATION.


C51 COMPILATION COMPLETE.  0 WARNING(S),  0 ERROR(S)
