C51 COMPILER V9.00   AD                                                                    05/16/2016 17:19:51 PAGE 1   


C51 COMPILER V9.00, COMPILATION OF MODULE AD
OBJECT MODULE PLACED IN .\bin\ad.obj
COMPILER INVOKED BY: d:\Keil\C51\BIN\C51.EXE usr\driver\ad.c LARGE BROWSE DEBUG OBJECTEXTEND PRINT(.\list\ad.lst) OBJECT
                    -(.\bin\ad.obj)

line level    source

   1          /**************************************************************************
   2           *
   3           *   Copyright (c) 2016 www.bjfz.cc. All rights reserved.
   4           *
   5           * @file ad.c
   6           *
   7           * AD转换驱动接口
   8           *
   9           * @author Zhanghb zhaingbo@foxmail.com
  10           *
  11           *************************************************************************/
  12          #include "ad.h"
  13          #include "nrf24l01.h"
  14          
  15          /**************************************************************************
  16           **                    公共函数定义
  17           *************************************************************************/
  18          /**
  19           * 初始化A/D转换
  20           */
  21          void adc_init()
  22          {
  23   1              P1ASF = 0x1F;
  24   1              ADC_RES = 0;
  25   1              ADC_CONTR = ADC_POWER | ADC_SPEEDLL;
  26   1              Delay(10); //适当延时
  27   1      }
  28          
  29          /**
  30           * 获得A/D转换的数据
  31           */
  32          uint16_t get_adc_result(uint8_t ch)
  33          {
  34   1              ADC_CONTR = ADC_POWER | ADC_SPEEDLL | ch | ADC_START;
  35   1              Delay(5);
  36   1      
  37   1              while (!(ADC_CONTR & ADC_FLAG));//等待转换完成
  38   1      
  39   1              ADC_CONTR &= ~ADC_FLAG; //关闭adc
  40   1              return ADC_RES;
  41   1      }


MODULE INFORMATION:   STATIC OVERLAYABLE
   CODE SIZE        =     40    ----
   CONSTANT SIZE    =   ----    ----
   XDATA SIZE       =   ----    ----
   PDATA SIZE       =   ----    ----
   DATA SIZE        =   ----    ----
   IDATA SIZE       =   ----    ----
   BIT SIZE         =   ----    ----
END OF MODULE INFORMATION.


C51 COMPILATION COMPLETE.  0 WARNING(S),  0 ERROR(S)
