C51 COMPILER V9.00   LED                                                                   05/16/2016 17:19:52 PAGE 1   


C51 COMPILER V9.00, COMPILATION OF MODULE LED
OBJECT MODULE PLACED IN .\bin\led.obj
COMPILER INVOKED BY: d:\Keil\C51\BIN\C51.EXE usr\driver\led.c LARGE BROWSE DEBUG OBJECTEXTEND PRINT(.\list\led.lst) OBJE
                    -CT(.\bin\led.obj)

line level    source

   1          /**************************************************************************
   2           *
   3           *   Copyright (c) 2016 www.bjfz.cc. All rights reserved.
   4           *
   5           * @file led.c
   6           *
   7           * Status LED
   8           *
   9           * 状态指示灯操作
  10           *
  11           * @author Zhanghb zhaingbo@foxmail.com
  12           *
  13           *************************************************************************/
  14          #define _LED_C_
  15          #include "led.h"
  16          
  17          static void sys_normal();
  18          static void sys_error();
  19          
  20          static void clear_all_setting();
  21          
  22          void set_sys_status(fp32 bat_voltage)
  23          {
  24   1              if (bat_voltage > BAT_VOLTAGE_MIN) {
  25   2                      sys_normal();
  26   2              } else {
  27   2                      sys_error();
  28   2              }
  29   1      }
  30          
  31          void select_set_type(uint8_t type)
  32          {
  33   1              switch (type) {
  34   2              case SETTING_T:
  35   2                      throttle_led = ON;
  36   2                      roll_led         = OFF;
  37   2                      pitch_led        = OFF;
  38   2                      yaw_led          = OFF;
  39   2                      break;
  40   2              case SETTING_R:
  41   2                      throttle_led = OFF;
  42   2                      roll_led         = ON;
  43   2                      pitch_led        = OFF;
  44   2                      yaw_led          = OFF;
  45   2                      break;
  46   2              case SETTING_P:
  47   2                      throttle_led = OFF;
  48   2                      roll_led         = OFF;
  49   2                      pitch_led        = ON;
  50   2                      yaw_led          = OFF;
  51   2                      break;
  52   2              case SETTING_Y:
  53   2                      throttle_led = OFF;
  54   2                      roll_led         = OFF;
C51 COMPILER V9.00   LED                                                                   05/16/2016 17:19:52 PAGE 2   

  55   2                      pitch_led        = OFF;
  56   2                      yaw_led          = ON;
  57   2                      break;
  58   2              }
  59   1      }
  60          
  61          void sys_normal()
  62          {
  63   1              rLED = OFF;
  64   1              gLED = ON;
  65   1              bLED = OFF;
  66   1      }
  67          
  68          void sys_error()
  69          {
  70   1              rLED = ON;
  71   1              gLED = OFF;
  72   1              bLED = OFF;
  73   1      }
  74          
  75          void clear_all_setting()
  76          {
  77   1              throttle_led = OFF;
  78   1              roll_led         = OFF;
  79   1              pitch_led        = OFF;
  80   1              yaw_led          = OFF;
  81   1      }
  82          


MODULE INFORMATION:   STATIC OVERLAYABLE
   CODE SIZE        =    111    ----
   CONSTANT SIZE    =   ----    ----
   XDATA SIZE       =      1       4
   PDATA SIZE       =   ----    ----
   DATA SIZE        =   ----    ----
   IDATA SIZE       =   ----    ----
   BIT SIZE         =   ----    ----
END OF MODULE INFORMATION.


C51 COMPILATION COMPLETE.  0 WARNING(S),  0 ERROR(S)
